2022-09-01 20:47:28,545 INFO Eproject [main] URL is open......
2022-09-01 20:47:33,735 INFO Eproject [main] User Name provided..............
2022-09-01 20:47:33,931 INFO Eproject [main] Password provided..............
2022-09-01 20:47:34,020 INFO Eproject [main] Login in Clicked..............
2022-09-01 20:47:35,275 INFO Eproject [main] Inside page.................
2022-09-01 20:48:08,912 INFO Eproject [main] Getting base URL............
2022-09-01 20:48:12,374 INFO Eproject [main] URL is open......
2022-09-01 20:48:17,514 INFO Eproject [main] User Name provided..............
2022-09-01 20:48:17,682 INFO Eproject [main] Password provided..............
2022-09-01 20:48:22,767 INFO Eproject [main] Login in Clicked..............
2022-09-01 20:48:23,690 INFO Eproject [main] Inside page.................
2022-09-01 20:48:39,273 INFO Eproject [main] Getting base URL............
2022-09-01 20:48:39,791 INFO Eproject [main] URL is open......
2022-09-01 20:48:44,898 INFO Eproject [main] User Name provided..............
2022-09-01 20:48:45,024 INFO Eproject [main] Password provided..............
2022-09-01 20:48:50,111 INFO Eproject [main] Login in Clicked..............
2022-09-01 20:48:52,111 INFO Eproject [main] Inside page.................
2022-09-01 20:48:57,935 INFO Eproject [main] Mouse hover Clicked..............
2022-09-01 20:48:58,075 INFO Eproject [main] Log out Clicked..............
2022-09-01 20:48:58,094 INFO Eproject [main] Getting base URL............
2022-09-01 20:48:59,714 INFO Eproject [main] URL is open......
2022-09-01 23:25:32,558 INFO Eproject [main] URL is open......
2022-09-01 23:25:37,803 INFO Eproject [main] User Name provided..............
2022-09-01 23:25:37,987 INFO Eproject [main] Password provided..............
2022-09-01 23:25:38,063 INFO Eproject [main] Login in Clicked..............
2022-09-01 23:25:42,142 INFO Eproject [main] Inside page.................
2022-09-01 23:25:48,105 INFO Eproject [main] Mouse hover Clicked..............
2022-09-01 23:25:48,245 INFO Eproject [main] Log out Clicked..............
2022-09-01 23:45:35,165 INFO Eproject [main] URL is open......
2022-09-01 23:45:40,432 INFO Eproject [main] User Name provided..............
2022-09-01 23:45:40,575 INFO Eproject [main] Password provided..............
2022-09-01 23:45:40,815 INFO Eproject [main] Login in Clicked..............
2022-09-01 23:45:44,094 INFO Eproject [main] Inside page.................
2022-09-01 23:45:50,395 INFO Eproject [main] Mouse hover Clicked..............
2022-09-01 23:45:50,603 INFO Eproject [main] Log out Clicked..............
2022-09-02 00:08:13,867 INFO Eproject [main] URL is open......
2022-09-02 00:08:19,095 INFO Eproject [main] User Name provided..............
2022-09-02 00:08:19,241 INFO Eproject [main] Password provided..............
2022-09-02 00:08:19,321 INFO Eproject [main] Login in Clicked..............
2022-09-02 00:08:23,170 INFO Eproject [main] Inside page.................
2022-09-02 00:08:29,349 INFO Eproject [main] Mouse hover Clicked..............
2022-09-02 00:08:29,823 INFO Eproject [main] Log out Clicked..............
